This is METAFONT, Version 2.7182818 (TeX Live 2017) (preloaded base=mf 2017.8.4)  24 AUG 2025 10:29
**% Computer Modern Roman "A" (simplified excerpt)
(/usr/local/texlive/2017/texmf-dist/fonts/source/public/knuth-lib/slant.mf
>> 0.99976u+0.5
! Not implemented: floor(unknown numeric).
<to be read again> 
                   endgroup
<to be read again> 
                   ;
<for(u)> (SUFFIX0):=hround((SUFFIX0)#*hppp);
                                             ENDFOR
define_whole_pixels->...$:=hround($ #*hppp);endfor
                                                  
l.16 define_whole_pixels(u)
                           ; define_blacker_pixels(r);
? 
>> (0,0,r,0,0,r)
! Transform components aren't all known.
<to be read again> 
                   ;
l.17 pickup pencircle scaled r;
                                ruler := savepen;
?   % Draw the left leg
Type <return> to proceed, S to scroll future error messages,
R to run without stopping, Q to run quietly,
I to insert something, E to edit your file,
1 or ... or 9 to ignore the next 1 to 9 tokens of input,
H for help, X to quit.
?   draw (0,0)--(5,12)--(10,0);
Type <return> to proceed, S to scroll future error messages,
R to run without stopping, Q to run quietly,
I to insert something, E to edit your file,
1 or ... or 9 to ignore the next 1 to 9 tokens of input,
H for help, X to quit.
? 
>> n
! Improper final value has been replaced by 0.
<to be read again> 
                   :
l.19 for k=1 upto n:
                    
?   % Draw the crossbar
Type <return> to proceed, S to scroll future error messages,
R to run without stopping, Q to run quietly,
I to insert something, E to edit your file,
1 or ... or 9 to ignore the next 1 to 9 tokens of input,
H for help, X to quit.
?   draw (2,6)--(8,6);
Type <return> to proceed, S to scroll future error messages,
R to run without stopping, Q to run quietly,
I to insert something, E to edit your file,
1 or ... or 9 to ignore the next 1 to 9 tokens of input,
H for help, X to quit.
? 
>> s
! Improper font parameter.
<to be read again> 
                   ;
l.29 font_slant s;
                  
?   % Add serifs
Type <return> to proceed, S to scroll future error messages,
R to run without stopping, Q to run quietly,
I to insert something, E to edit your file,
1 or ... or 9 to ignore the next 1 to 9 tokens of input,
H for help, X to quit.
?   draw (0,0)--(-0.5,-0.5);
Type <return> to proceed, S to scroll future error messages,
R to run without stopping, Q to run quietly,
I to insert something, E to edit your file,
1 or ... or 9 to ignore the next 1 to 9 tokens of input,
H for help, X to quit.
?   draw (10,0)--(10.5,-0.5);
Type <return> to proceed, S to scroll future error messages,
R to run without stopping, Q to run quietly,
I to insert something, E to edit your file,
1 or ... or 9 to ignore the next 1 to 9 tokens of input,
H for help, X to quit.
? endchar;

